<?xml version="1.0" encoding="UTF-8"?>
<!-- Generated by org.testng.reporters.JUnitXMLReporter -->
<testsuite ignored="4" hostname="S" failures="0" tests="8" name="Test1" time="39.99" errors="0" timestamp="2022-05-10T08:37:14 IST">
  <testcase classname="script.Demo4" name="test_report" time="0.743"/>
  <testcase classname="script.Demo1" name="test1" time="1.317"/>
  <testcase classname="script.Demo2" name="test2" time="0.016"/>
  <testcase classname="script.Demo2" name="test2" time="0.016"/>
  <testcase classname="script.Demo2" name="test2" time="0.014"/>
  <testcase classname="script.Demo3" name="test3" time="0.013"/>
  <testcase classname="script.Demo3" name="test3" time="0.001"/>
  <testcase classname="script.Demo3" name="test3" time="0.001"/>
  <testcase classname="generic.BaseTest" name="@BeforeSuite initReport" time="0.0">
    <ignored/>
  </testcase> <!-- @BeforeSuite initReport -->
  <testcase classname="generic.BaseTest" name="@AfterSuite publishReport" time="0.0">
    <ignored/>
  </testcase> <!-- @AfterSuite publishReport -->
  <testcase classname="generic.BaseTest" name="@BeforeSuite initReport" time="0.0">
    <ignored/>
  </testcase> <!-- @BeforeSuite initReport -->
  <testcase classname="generic.BaseTest" name="@AfterSuite publishReport" time="0.0">
    <ignored/>
  </testcase> <!-- @AfterSuite publishReport -->
</testsuite> <!-- Test1 -->
