<?xml version="1.0" encoding="UTF-8"?>
<testng-results ignored="0" total="1" passed="1" failed="0" skipped="0">
  <reporter-output>
  </reporter-output>
  <suite started-at="2022-05-13T07:52:35 IST" name="Default suite" finished-at="2022-05-13T07:53:03 IST" duration-ms="28529">
    <groups>
      <group name="smoke">
        <method signature="InvalidLogin.testInvalidLogin()[pri:2, instance:script.InvalidLogin@25641d39]" name="testInvalidLogin" class="script.InvalidLogin"/>
      </group> <!-- smoke -->
    </groups>
    <test started-at="2022-05-13T07:52:35 IST" name="Default test" finished-at="2022-05-13T07:53:03 IST" duration-ms="28529">
      <class name="script.InvalidLogin">
        <test-method is-config="true" signature="initReport()[pri:0, instance:script.InvalidLogin@25641d39]" started-at="2022-05-13T07:52:34 IST" name="initReport" finished-at="2022-05-13T07:52:35 IST" duration-ms="812" status="PASS">
          <reporter-output>
          </reporter-output>
        </test-method> <!-- initReport -->
        <test-method is-config="true" signature="createTest(java.lang.reflect.Method)[pri:0, instance:script.InvalidLogin@25641d39]" started-at="2022-05-13T07:52:35 IST" name="createTest" finished-at="2022-05-13T07:52:35 IST" duration-ms="129" status="PASS">
          <params>
            <param index="0">
              <value>
                <![CDATA[public void script.InvalidLogin.testInvalidLogin()]]>
              </value>
            </param>
          </params>
          <reporter-output>
          </reporter-output>
        </test-method> <!-- createTest -->
        <test-method is-config="true" signature="openApp(java.lang.String)[pri:0, instance:script.InvalidLogin@25641d39]" started-at="2022-05-13T07:52:35 IST" name="openApp" finished-at="2022-05-13T07:52:59 IST" duration-ms="24113" status="PASS">
          <params>
            <param index="0">
              <value>
                <![CDATA[./config.properties]]>
              </value>
            </param>
          </params>
          <reporter-output>
          </reporter-output>
        </test-method> <!-- openApp -->
        <test-method signature="testInvalidLogin()[pri:2, instance:script.InvalidLogin@25641d39]" started-at="2022-05-13T07:52:59 IST" name="testInvalidLogin" finished-at="2022-05-13T07:53:02 IST" duration-ms="3136" status="PASS">
          <reporter-output>
          </reporter-output>
        </test-method> <!-- testInvalidLogin -->
        <test-method is-config="true" signature="closeApp(org.testng.ITestResult)[pri:0, instance:script.InvalidLogin@25641d39]" started-at="2022-05-13T07:53:02 IST" name="closeApp" finished-at="2022-05-13T07:53:03 IST" duration-ms="841" status="PASS">
          <params>
            <param index="0">
              <value>
                <![CDATA[[TestResult name=testInvalidLogin status=SUCCESS method=InvalidLogin.testInvalidLogin()[pri:2, instance:script.InvalidLogin@25641d39] output={null}]]]>
              </value>
            </param>
          </params>
          <reporter-output>
          </reporter-output>
        </test-method> <!-- closeApp -->
        <test-method is-config="true" signature="publishReport()[pri:0, instance:script.InvalidLogin@25641d39]" started-at="2022-05-13T07:53:03 IST" name="publishReport" finished-at="2022-05-13T07:53:04 IST" duration-ms="972" status="PASS">
          <reporter-output>
          </reporter-output>
        </test-method> <!-- publishReport -->
      </class> <!-- script.InvalidLogin -->
    </test> <!-- Default test -->
  </suite> <!-- Default suite -->
</testng-results>
